<?xml version="1.0" encoding="UTF-8"?>
<!-- Generated by org.testng.reporters.JUnitReportReporter -->
<testsuite hostname="SATYAJIT" failures="0" tests="1" name="driverfactory.AppTest" time="18.317" errors="0" timestamp="2022-11-09T19:01:17 IST" skipped="0">
  <testcase classname="driverfactory.AppTest" name="kickstart" time="18.317"/>
  <system-out/>
</testsuite> <!-- driverfactory.AppTest -->
